Your branch is up to date with 'origin/master'.
On branch master
Your branch is up to date with 'origin/master'.

Untracked files:
	.local.git.out

nothing added to commit but untracked files present
Your branch is up to date with 'origin/master'.
On branch master
Your branch is up to date with 'origin/master'.

Untracked files:
	.local.git.out
	examples/composite_ex
	examples/constructor_ex
	tests/test_all_lists
	tests/test_coalesce_chunk_coalesce
	tests/test_coalesce_chunk_insert
	tests/test_corrupted_canary
	tests/test_double_free
	tests/test_exact
	tests/test_free_both
	tests/test_free_even
	tests/test_free_insert
	tests/test_free_left
	tests/test_free_null
	tests/test_free_odd
	tests/test_free_right
	tests/test_insert_chunk
	tests/test_large
	tests/test_locks
	tests/test_malloc_large
	tests/test_malloc_too_large
	tests/test_malloc_zero
	tests/test_multi_malloc
	tests/test_out_of_ram
	tests/test_random
	tests/test_random_sizes
	tests/test_simple0
	tests/test_simple1
	tests/test_simple2
	tests/test_simple3
	tests/test_simple4
	tests/test_simple5
	tests/test_simple6
	tests/test_split
	tests/test_verify
	tests/test_very_large

nothing added to commit but untracked files present
M	myMalloc.c
Your branch is up to date with 'origin/master'.
[master 721ca74] Commit
 Committer: Shupei Wang <wang3107@mc18.cs.purdue.edu>
Your name and email address were configured automatically based
on your username and hostname. Please check that they are accurate.
You can suppress this message by setting them explicitly. Run the
following command and follow the instructions in your editor to edit
your configuration file:

    git config --global --edit

After doing this, you may fix the identity used for this commit with:

    git commit --amend --reset-author

 1 file changed, 15 insertions(+), 3 deletions(-)
M	myMalloc.c
Your branch is up to date with 'origin/master'.
[master d2d989b] Commit
 Committer: Shupei Wang <wang3107@mc18.cs.purdue.edu>
Your name and email address were configured automatically based
on your username and hostname. Please check that they are accurate.
You can suppress this message by setting them explicitly. Run the
following command and follow the instructions in your editor to edit
your configuration file:

    git config --global --edit

After doing this, you may fix the identity used for this commit with:

    git commit --amend --reset-author

 1 file changed, 1 insertion(+), 1 deletion(-)
M	myMalloc.c
Your branch is up to date with 'origin/master'.
[master 65027bd] Commit
 Committer: Shupei Wang <wang3107@mc18.cs.purdue.edu>
Your name and email address were configured automatically based
on your username and hostname. Please check that they are accurate.
You can suppress this message by setting them explicitly. Run the
following command and follow the instructions in your editor to edit
your configuration file:

    git config --global --edit

After doing this, you may fix the identity used for this commit with:

    git commit --amend --reset-author

 1 file changed, 24 insertions(+), 11 deletions(-)
M	myMalloc.c
Your branch is up to date with 'origin/master'.
[master eb293be] Commit
 Committer: Shupei Wang <wang3107@mc18.cs.purdue.edu>
Your name and email address were configured automatically based
on your username and hostname. Please check that they are accurate.
You can suppress this message by setting them explicitly. Run the
following command and follow the instructions in your editor to edit
your configuration file:

    git config --global --edit

After doing this, you may fix the identity used for this commit with:

    git commit --amend --reset-author

 1 file changed, 2 insertions(+), 2 deletions(-)
M	myMalloc.c
Your branch is up to date with 'origin/master'.
[master bbb71a0] Commit
 Committer: Shupei Wang <wang3107@mc18.cs.purdue.edu>
Your name and email address were configured automatically based
on your username and hostname. Please check that they are accurate.
You can suppress this message by setting them explicitly. Run the
following command and follow the instructions in your editor to edit
your configuration file:

    git config --global --edit

After doing this, you may fix the identity used for this commit with:

    git commit --amend --reset-author

 1 file changed, 1 insertion(+), 1 deletion(-)
M	myMalloc.c
Your branch is up to date with 'origin/master'.
[master 8e3bfa6] Commit
 Committer: Shupei Wang <wang3107@mc18.cs.purdue.edu>
Your name and email address were configured automatically based
on your username and hostname. Please check that they are accurate.
You can suppress this message by setting them explicitly. Run the
following command and follow the instructions in your editor to edit
your configuration file:

    git config --global --edit

After doing this, you may fix the identity used for this commit with:

    git commit --amend --reset-author

 1 file changed, 2 insertions(+), 1 deletion(-)
M	myMalloc.c
Your branch is up to date with 'origin/master'.
[master 6118e71] Commit
 Committer: Shupei Wang <wang3107@mc18.cs.purdue.edu>
Your name and email address were configured automatically based
on your username and hostname. Please check that they are accurate.
You can suppress this message by setting them explicitly. Run the
following command and follow the instructions in your editor to edit
your configuration file:

    git config --global --edit

After doing this, you may fix the identity used for this commit with:

    git commit --amend --reset-author

 1 file changed, 1 insertion(+), 1 deletion(-)
M	myMalloc.c
Your branch is up to date with 'origin/master'.
[master 940876d] Commit
 Committer: Shupei Wang <wang3107@mc18.cs.purdue.edu>
Your name and email address were configured automatically based
on your username and hostname. Please check that they are accurate.
You can suppress this message by setting them explicitly. Run the
following command and follow the instructions in your editor to edit
your configuration file:

    git config --global --edit

After doing this, you may fix the identity used for this commit with:

    git commit --amend --reset-author

 1 file changed, 2 insertions(+), 1 deletion(-)
M	myMalloc.c
Your branch is up to date with 'origin/master'.
[master 213194e] Commit
 Committer: Shupei Wang <wang3107@mc18.cs.purdue.edu>
Your name and email address were configured automatically based
on your username and hostname. Please check that they are accurate.
You can suppress this message by setting them explicitly. Run the
following command and follow the instructions in your editor to edit
your configuration file:

    git config --global --edit

After doing this, you may fix the identity used for this commit with:

    git commit --amend --reset-author

 1 file changed, 2 insertions(+)
M	myMalloc.c
Your branch is up to date with 'origin/master'.
[master 14abac0] Commit
 Committer: Shupei Wang <wang3107@data.cs.purdue.edu>
Your name and email address were configured automatically based
on your username and hostname. Please check that they are accurate.
You can suppress this message by setting them explicitly. Run the
following command and follow the instructions in your editor to edit
your configuration file:

    git config --global --edit

After doing this, you may fix the identity used for this commit with:

    git commit --amend --reset-author

 1 file changed, 1 insertion(+), 1 deletion(-)
M	myMalloc.c
Your branch is up to date with 'origin/master'.
[master 714b406] Commit
 Committer: Shupei Wang <wang3107@data.cs.purdue.edu>
Your name and email address were configured automatically based
on your username and hostname. Please check that they are accurate.
You can suppress this message by setting them explicitly. Run the
following command and follow the instructions in your editor to edit
your configuration file:

    git config --global --edit

After doing this, you may fix the identity used for this commit with:

    git commit --amend --reset-author

 1 file changed, 24 insertions(+), 8 deletions(-)
M	myMalloc.c
Your branch is up to date with 'origin/master'.
[master 7b4a287] Commit
 Committer: Shupei Wang <wang3107@data.cs.purdue.edu>
Your name and email address were configured automatically based
on your username and hostname. Please check that they are accurate.
You can suppress this message by setting them explicitly. Run the
following command and follow the instructions in your editor to edit
your configuration file:

    git config --global --edit

After doing this, you may fix the identity used for this commit with:

    git commit --amend --reset-author

 1 file changed, 4 insertions(+), 4 deletions(-)
M	myMalloc.c
Your branch is up to date with 'origin/master'.
[master cfd3e03] Commit
 Committer: Shupei Wang <wang3107@data.cs.purdue.edu>
Your name and email address were configured automatically based
on your username and hostname. Please check that they are accurate.
You can suppress this message by setting them explicitly. Run the
following command and follow the instructions in your editor to edit
your configuration file:

    git config --global --edit

After doing this, you may fix the identity used for this commit with:

    git commit --amend --reset-author

 1 file changed, 4 insertions(+), 4 deletions(-)
Your branch is up to date with 'origin/master'.
On branch master
Your branch is up to date with 'origin/master'.

Untracked files:
	.local.git.out
	myout.txt
	stdout.txt

nothing added to commit but untracked files present
M	myMalloc.c
Your branch is up to date with 'origin/master'.
[master 665fe22] Commit
 Committer: Shupei Wang <wang3107@data.cs.purdue.edu>
Your name and email address were configured automatically based
on your username and hostname. Please check that they are accurate.
You can suppress this message by setting them explicitly. Run the
following command and follow the instructions in your editor to edit
your configuration file:

    git config --global --edit

After doing this, you may fix the identity used for this commit with:

    git commit --amend --reset-author

 2 files changed, 9 insertions(+), 4 deletions(-)
M	.local.git.out
M	myout.txt
M	tests/test_all_lists
M	tests/test_coalesce_chunk_coalesce
M	tests/test_coalesce_chunk_insert
M	tests/test_corrupted_canary
M	tests/test_double_free
M	tests/test_exact
M	tests/test_free_both
M	tests/test_free_even
M	tests/test_free_insert
M	tests/test_free_left
M	tests/test_free_null
M	tests/test_free_odd
M	tests/test_free_right
M	tests/test_insert_chunk
M	tests/test_large
M	tests/test_locks
M	tests/test_malloc_large
M	tests/test_malloc_too_large
M	tests/test_malloc_zero
M	tests/test_multi_malloc
M	tests/test_out_of_ram
M	tests/test_random
M	tests/test_random_sizes
M	tests/test_simple0
M	tests/test_simple1
M	tests/test_simple2
M	tests/test_simple3
M	tests/test_simple4
M	tests/test_simple5
M	tests/test_simple6
M	tests/test_split
M	tests/test_verify
M	tests/test_very_large
Your branch is up to date with 'origin/master'.
[master a793b07] Commit
 Committer: Shupei Wang <wang3107@data.cs.purdue.edu>
Your name and email address were configured automatically based
on your username and hostname. Please check that they are accurate.
You can suppress this message by setting them explicitly. Run the
following command and follow the instructions in your editor to edit
your configuration file:

    git config --global --edit

After doing this, you may fix the identity used for this commit with:

    git commit --amend --reset-author

 35 files changed, 51 insertions(+), 104 deletions(-)
 rewrite tests/test_all_lists (64%)
 rewrite tests/test_coalesce_chunk_coalesce (60%)
 rewrite tests/test_corrupted_canary (81%)
 rewrite tests/test_double_free (81%)
 rewrite tests/test_free_both (62%)
 rewrite tests/test_free_even (66%)
 rewrite tests/test_free_insert (62%)
 rewrite tests/test_free_left (62%)
 rewrite tests/test_free_odd (63%)
 rewrite tests/test_free_right (63%)
 rewrite tests/test_large (61%)
 rewrite tests/test_locks (62%)
 rewrite tests/test_malloc_large (62%)
 rewrite tests/test_multi_malloc (62%)
 rewrite tests/test_split (63%)
 rewrite tests/test_verify (61%)
M	.local.git.out
M	myMalloc.c
Your branch is up to date with 'origin/master'.
[master 4ecf698] Commit
 Committer: Shupei Wang <wang3107@data.cs.purdue.edu>
Your name and email address were configured automatically based
on your username and hostname. Please check that they are accurate.
You can suppress this message by setting them explicitly. Run the
following command and follow the instructions in your editor to edit
your configuration file:

    git config --global --edit

After doing this, you may fix the identity used for this commit with:

    git commit --amend --reset-author

 2 files changed, 35 insertions(+), 1 deletion(-)
M	.local.git.out
M	myMalloc.c
M	myout.txt
M	tests/test_all_lists
M	tests/test_coalesce_chunk_coalesce
M	tests/test_coalesce_chunk_insert
M	tests/test_corrupted_canary
M	tests/test_double_free
M	tests/test_exact
M	tests/test_free_both
M	tests/test_free_even
M	tests/test_free_insert
M	tests/test_free_left
M	tests/test_free_null
M	tests/test_free_odd
M	tests/test_free_right
M	tests/test_insert_chunk
M	tests/test_large
M	tests/test_locks
M	tests/test_malloc_large
M	tests/test_malloc_too_large
M	tests/test_malloc_zero
M	tests/test_multi_malloc
M	tests/test_out_of_ram
M	tests/test_random
M	tests/test_random_sizes
M	tests/test_simple0
M	tests/test_simple1
M	tests/test_simple2
M	tests/test_simple3
M	tests/test_simple4
M	tests/test_simple5
M	tests/test_simple6
M	tests/test_split
M	tests/test_verify
M	tests/test_very_large
Your branch is up to date with 'origin/master'.
[master 51db326] Commit
 Committer: Shupei Wang <wang3107@data.cs.purdue.edu>
Your name and email address were configured automatically based
on your username and hostname. Please check that they are accurate.
You can suppress this message by setting them explicitly. Run the
following command and follow the instructions in your editor to edit
your configuration file:

    git config --global --edit

After doing this, you may fix the identity used for this commit with:

    git commit --amend --reset-author

 36 files changed, 150 insertions(+), 1 deletion(-)
M	.local.git.out
M	myMalloc.c
M	myout.txt
M	tests/test_all_lists
M	tests/test_coalesce_chunk_coalesce
M	tests/test_coalesce_chunk_insert
M	tests/test_corrupted_canary
M	tests/test_double_free
M	tests/test_exact
M	tests/test_free_both
M	tests/test_free_even
M	tests/test_free_insert
M	tests/test_free_left
M	tests/test_free_null
M	tests/test_free_odd
M	tests/test_free_right
M	tests/test_insert_chunk
M	tests/test_large
M	tests/test_locks
M	tests/test_malloc_large
M	tests/test_malloc_too_large
M	tests/test_malloc_zero
M	tests/test_multi_malloc
M	tests/test_out_of_ram
M	tests/test_random
M	tests/test_random_sizes
M	tests/test_simple0
M	tests/test_simple1
M	tests/test_simple2
M	tests/test_simple3
M	tests/test_simple4
M	tests/test_simple5
M	tests/test_simple6
M	tests/test_split
M	tests/test_verify
M	tests/test_very_large
Your branch is up to date with 'origin/master'.
[master 04765ef] Commit
 Committer: Shupei Wang <wang3107@data.cs.purdue.edu>
Your name and email address were configured automatically based
on your username and hostname. Please check that they are accurate.
You can suppress this message by setting them explicitly. Run the
following command and follow the instructions in your editor to edit
your configuration file:

    git config --global --edit

After doing this, you may fix the identity used for this commit with:

    git commit --amend --reset-author

 36 files changed, 57 insertions(+), 6 deletions(-)
M	.local.git.out
M	myMalloc.c
M	tests/test_all_lists
M	tests/test_coalesce_chunk_coalesce
M	tests/test_coalesce_chunk_insert
M	tests/test_corrupted_canary
M	tests/test_double_free
M	tests/test_exact
M	tests/test_free_both
M	tests/test_free_even
M	tests/test_free_insert
M	tests/test_free_left
M	tests/test_free_null
M	tests/test_free_odd
M	tests/test_free_right
M	tests/test_insert_chunk
M	tests/test_large
M	tests/test_locks
M	tests/test_malloc_large
M	tests/test_malloc_too_large
M	tests/test_malloc_zero
M	tests/test_multi_malloc
M	tests/test_out_of_ram
M	tests/test_random
M	tests/test_random_sizes
M	tests/test_simple0
M	tests/test_simple1
M	tests/test_simple2
M	tests/test_simple3
M	tests/test_simple4
M	tests/test_simple5
M	tests/test_simple6
M	tests/test_split
M	tests/test_verify
M	tests/test_very_large
Your branch is up to date with 'origin/master'.
[master da629b1] Commit
 Committer: Shupei Wang <wang3107@data.cs.purdue.edu>
Your name and email address were configured automatically based
on your username and hostname. Please check that they are accurate.
You can suppress this message by setting them explicitly. Run the
following command and follow the instructions in your editor to edit
your configuration file:

    git config --global --edit

After doing this, you may fix the identity used for this commit with:

    git commit --amend --reset-author

 35 files changed, 52 insertions(+), 1 deletion(-)
M	.local.git.out
M	myMalloc.c
M	tests/test_all_lists
M	tests/test_coalesce_chunk_coalesce
M	tests/test_coalesce_chunk_insert
M	tests/test_corrupted_canary
M	tests/test_double_free
M	tests/test_exact
M	tests/test_free_both
M	tests/test_free_even
M	tests/test_free_insert
M	tests/test_free_left
M	tests/test_free_null
M	tests/test_free_odd
M	tests/test_free_right
M	tests/test_insert_chunk
M	tests/test_large
M	tests/test_locks
M	tests/test_malloc_large
M	tests/test_malloc_too_large
M	tests/test_malloc_zero
M	tests/test_multi_malloc
M	tests/test_out_of_ram
M	tests/test_random
M	tests/test_random_sizes
M	tests/test_simple0
M	tests/test_simple1
M	tests/test_simple2
M	tests/test_simple3
M	tests/test_simple4
M	tests/test_simple5
M	tests/test_simple6
M	tests/test_split
M	tests/test_verify
M	tests/test_very_large
Your branch is up to date with 'origin/master'.
[master f4fb9a8] Commit
 Committer: Shupei Wang <wang3107@data.cs.purdue.edu>
Your name and email address were configured automatically based
on your username and hostname. Please check that they are accurate.
You can suppress this message by setting them explicitly. Run the
following command and follow the instructions in your editor to edit
your configuration file:

    git config --global --edit

After doing this, you may fix the identity used for this commit with:

    git commit --amend --reset-author

 35 files changed, 52 insertions(+), 1 deletion(-)
M	.local.git.out
M	myMalloc.c
M	tests/test_all_lists
M	tests/test_coalesce_chunk_coalesce
M	tests/test_coalesce_chunk_insert
M	tests/test_corrupted_canary
M	tests/test_double_free
M	tests/test_exact
M	tests/test_free_both
M	tests/test_free_even
M	tests/test_free_insert
M	tests/test_free_left
M	tests/test_free_null
M	tests/test_free_odd
M	tests/test_free_right
M	tests/test_insert_chunk
M	tests/test_large
M	tests/test_locks
M	tests/test_malloc_large
M	tests/test_malloc_too_large
M	tests/test_malloc_zero
M	tests/test_multi_malloc
M	tests/test_out_of_ram
M	tests/test_random
M	tests/test_random_sizes
M	tests/test_simple0
M	tests/test_simple1
M	tests/test_simple2
M	tests/test_simple3
M	tests/test_simple4
M	tests/test_simple5
M	tests/test_simple6
M	tests/test_split
M	tests/test_verify
M	tests/test_very_large
Your branch is up to date with 'origin/master'.
[master 6a9d472] Commit
 Committer: Shupei Wang <wang3107@data.cs.purdue.edu>
Your name and email address were configured automatically based
on your username and hostname. Please check that they are accurate.
You can suppress this message by setting them explicitly. Run the
following command and follow the instructions in your editor to edit
your configuration file:

    git config --global --edit

After doing this, you may fix the identity used for this commit with:

    git commit --amend --reset-author

 35 files changed, 53 insertions(+), 1 deletion(-)
M	.local.git.out
M	myMalloc.c
Your branch is up to date with 'origin/master'.
[master d9c705b] Commit
 Committer: Shupei Wang <wang3107@data.cs.purdue.edu>
Your name and email address were configured automatically based
on your username and hostname. Please check that they are accurate.
You can suppress this message by setting them explicitly. Run the
following command and follow the instructions in your editor to edit
your configuration file:

    git config --global --edit

After doing this, you may fix the identity used for this commit with:

    git commit --amend --reset-author

 2 files changed, 19 insertions(+), 1 deletion(-)
M	.local.git.out
M	myMalloc.c
M	tests/test_all_lists
M	tests/test_coalesce_chunk_coalesce
M	tests/test_coalesce_chunk_insert
M	tests/test_corrupted_canary
M	tests/test_double_free
M	tests/test_exact
M	tests/test_free_both
M	tests/test_free_even
M	tests/test_free_insert
M	tests/test_free_left
M	tests/test_free_null
M	tests/test_free_odd
M	tests/test_free_right
M	tests/test_insert_chunk
M	tests/test_large
M	tests/test_locks
M	tests/test_malloc_large
M	tests/test_malloc_too_large
M	tests/test_malloc_zero
M	tests/test_multi_malloc
M	tests/test_out_of_ram
M	tests/test_random
M	tests/test_random_sizes
M	tests/test_simple0
M	tests/test_simple1
M	tests/test_simple2
M	tests/test_simple3
M	tests/test_simple4
M	tests/test_simple5
M	tests/test_simple6
M	tests/test_split
M	tests/test_verify
M	tests/test_very_large
Your branch is up to date with 'origin/master'.
[master fbe4b74] Commit
 Committer: Shupei Wang <wang3107@data.cs.purdue.edu>
Your name and email address were configured automatically based
on your username and hostname. Please check that they are accurate.
You can suppress this message by setting them explicitly. Run the
following command and follow the instructions in your editor to edit
your configuration file:

    git config --global --edit

After doing this, you may fix the identity used for this commit with:

    git commit --amend --reset-author

 35 files changed, 52 insertions(+), 1 deletion(-)
M	.local.git.out
M	myMalloc.c
M	tests/test_all_lists
M	tests/test_coalesce_chunk_coalesce
M	tests/test_coalesce_chunk_insert
M	tests/test_corrupted_canary
M	tests/test_double_free
M	tests/test_exact
M	tests/test_free_both
M	tests/test_free_even
M	tests/test_free_insert
M	tests/test_free_left
M	tests/test_free_null
M	tests/test_free_odd
M	tests/test_free_right
M	tests/test_insert_chunk
M	tests/test_large
M	tests/test_locks
M	tests/test_malloc_large
M	tests/test_malloc_too_large
M	tests/test_malloc_zero
M	tests/test_multi_malloc
M	tests/test_out_of_ram
M	tests/test_random
M	tests/test_random_sizes
M	tests/test_simple0
M	tests/test_simple1
M	tests/test_simple2
M	tests/test_simple3
M	tests/test_simple4
M	tests/test_simple5
M	tests/test_simple6
M	tests/test_split
M	tests/test_verify
M	tests/test_very_large
Your branch is up to date with 'origin/master'.
[master 060a1aa] Commit
 Committer: Shupei Wang <wang3107@data.cs.purdue.edu>
Your name and email address were configured automatically based
on your username and hostname. Please check that they are accurate.
You can suppress this message by setting them explicitly. Run the
following command and follow the instructions in your editor to edit
your configuration file:

    git config --global --edit

After doing this, you may fix the identity used for this commit with:

    git commit --amend --reset-author

 35 files changed, 52 insertions(+), 1 deletion(-)
M	.local.git.out
M	myMalloc.c
M	tests/test_all_lists
M	tests/test_coalesce_chunk_coalesce
M	tests/test_coalesce_chunk_insert
M	tests/test_corrupted_canary
M	tests/test_double_free
M	tests/test_exact
M	tests/test_free_both
M	tests/test_free_even
M	tests/test_free_insert
M	tests/test_free_left
M	tests/test_free_null
M	tests/test_free_odd
M	tests/test_free_right
M	tests/test_insert_chunk
M	tests/test_large
M	tests/test_locks
M	tests/test_malloc_large
M	tests/test_malloc_too_large
M	tests/test_malloc_zero
M	tests/test_multi_malloc
M	tests/test_out_of_ram
M	tests/test_random
M	tests/test_random_sizes
M	tests/test_simple0
M	tests/test_simple1
M	tests/test_simple2
M	tests/test_simple3
M	tests/test_simple4
M	tests/test_simple5
M	tests/test_simple6
M	tests/test_split
M	tests/test_verify
M	tests/test_very_large
Your branch is up to date with 'origin/master'.
[master d5085d1] Commit
 Committer: Shupei Wang <wang3107@data.cs.purdue.edu>
Your name and email address were configured automatically based
on your username and hostname. Please check that they are accurate.
You can suppress this message by setting them explicitly. Run the
following command and follow the instructions in your editor to edit
your configuration file:

    git config --global --edit

After doing this, you may fix the identity used for this commit with:

    git commit --amend --reset-author

 35 files changed, 100 insertions(+), 1 deletion(-)
M	.local.git.out
M	myMalloc.c
Your branch is up to date with 'origin/master'.
[master 90580ed] Commit
 Committer: Shupei Wang <wang3107@data.cs.purdue.edu>
Your name and email address were configured automatically based
on your username and hostname. Please check that they are accurate.
You can suppress this message by setting them explicitly. Run the
following command and follow the instructions in your editor to edit
your configuration file:

    git config --global --edit

After doing this, you may fix the identity used for this commit with:

    git commit --amend --reset-author

 2 files changed, 20 insertions(+), 2 deletions(-)
M	.local.git.out
M	myMalloc.c
M	tests/test_all_lists
M	tests/test_coalesce_chunk_coalesce
M	tests/test_coalesce_chunk_insert
M	tests/test_corrupted_canary
M	tests/test_double_free
M	tests/test_exact
M	tests/test_free_both
M	tests/test_free_even
M	tests/test_free_insert
M	tests/test_free_left
M	tests/test_free_null
M	tests/test_free_odd
M	tests/test_free_right
M	tests/test_insert_chunk
M	tests/test_large
M	tests/test_locks
M	tests/test_malloc_large
M	tests/test_malloc_too_large
M	tests/test_malloc_zero
M	tests/test_multi_malloc
M	tests/test_out_of_ram
M	tests/test_random
M	tests/test_random_sizes
M	tests/test_simple0
M	tests/test_simple1
M	tests/test_simple2
M	tests/test_simple3
M	tests/test_simple4
M	tests/test_simple5
M	tests/test_simple6
M	tests/test_split
M	tests/test_verify
M	tests/test_very_large
Your branch is up to date with 'origin/master'.
[master 5f09d19] Commit
 Committer: Shupei Wang <wang3107@data.cs.purdue.edu>
Your name and email address were configured automatically based
on your username and hostname. Please check that they are accurate.
You can suppress this message by setting them explicitly. Run the
following command and follow the instructions in your editor to edit
your configuration file:

    git config --global --edit

After doing this, you may fix the identity used for this commit with:

    git commit --amend --reset-author

 35 files changed, 53 insertions(+), 2 deletions(-)
 rewrite tests/test_double_free (60%)
 rewrite tests/test_free_insert (62%)
 rewrite tests/test_free_left (60%)
 rewrite tests/test_free_odd (60%)
 rewrite tests/test_large (61%)
 rewrite tests/test_malloc_large (60%)
 rewrite tests/test_multi_malloc (63%)
M	.local.git.out
M	myMalloc.c
M	tests/test_all_lists
M	tests/test_coalesce_chunk_coalesce
M	tests/test_coalesce_chunk_insert
M	tests/test_corrupted_canary
M	tests/test_double_free
M	tests/test_exact
M	tests/test_free_both
M	tests/test_free_even
M	tests/test_free_insert
M	tests/test_free_left
M	tests/test_free_null
M	tests/test_free_odd
M	tests/test_free_right
M	tests/test_insert_chunk
M	tests/test_large
M	tests/test_locks
M	tests/test_malloc_large
M	tests/test_malloc_too_large
M	tests/test_malloc_zero
M	tests/test_multi_malloc
M	tests/test_out_of_ram
M	tests/test_random
M	tests/test_random_sizes
M	tests/test_simple0
M	tests/test_simple1
M	tests/test_simple2
M	tests/test_simple3
M	tests/test_simple4
M	tests/test_simple5
M	tests/test_simple6
M	tests/test_split
M	tests/test_verify
M	tests/test_very_large
Your branch is up to date with 'origin/master'.
[master 084fbd1] Commit
 Committer: Shupei Wang <wang3107@data.cs.purdue.edu>
Your name and email address were configured automatically based
on your username and hostname. Please check that they are accurate.
You can suppress this message by setting them explicitly. Run the
following command and follow the instructions in your editor to edit
your configuration file:

    git config --global --edit

After doing this, you may fix the identity used for this commit with:

    git commit --amend --reset-author

 35 files changed, 59 insertions(+), 1 deletion(-)
M	.local.git.out
M	myMalloc.c
M	tests/test_all_lists
M	tests/test_coalesce_chunk_coalesce
M	tests/test_coalesce_chunk_insert
M	tests/test_corrupted_canary
M	tests/test_double_free
M	tests/test_exact
M	tests/test_free_both
M	tests/test_free_even
M	tests/test_free_insert
M	tests/test_free_left
M	tests/test_free_null
M	tests/test_free_odd
M	tests/test_free_right
M	tests/test_insert_chunk
M	tests/test_large
M	tests/test_locks
M	tests/test_malloc_large
M	tests/test_malloc_too_large
M	tests/test_malloc_zero
M	tests/test_multi_malloc
M	tests/test_out_of_ram
M	tests/test_random
M	tests/test_random_sizes
M	tests/test_simple0
M	tests/test_simple1
M	tests/test_simple2
M	tests/test_simple3
M	tests/test_simple4
M	tests/test_simple5
M	tests/test_simple6
M	tests/test_split
M	tests/test_verify
M	tests/test_very_large
Your branch is up to date with 'origin/master'.
[master 6ffc4c5] Commit
 Committer: Shupei Wang <wang3107@data.cs.purdue.edu>
Your name and email address were configured automatically based
on your username and hostname. Please check that they are accurate.
You can suppress this message by setting them explicitly. Run the
following command and follow the instructions in your editor to edit
your configuration file:

    git config --global --edit

After doing this, you may fix the identity used for this commit with:

    git commit --amend --reset-author

 35 files changed, 52 insertions(+), 1 deletion(-)
M	.local.git.out
M	myMalloc.c
M	tests/test_all_lists
M	tests/test_coalesce_chunk_coalesce
M	tests/test_coalesce_chunk_insert
M	tests/test_corrupted_canary
M	tests/test_double_free
M	tests/test_exact
M	tests/test_free_both
M	tests/test_free_even
M	tests/test_free_insert
M	tests/test_free_left
M	tests/test_free_null
M	tests/test_free_odd
M	tests/test_free_right
M	tests/test_insert_chunk
M	tests/test_large
M	tests/test_locks
M	tests/test_malloc_large
M	tests/test_malloc_too_large
M	tests/test_malloc_zero
M	tests/test_multi_malloc
M	tests/test_out_of_ram
M	tests/test_random
M	tests/test_random_sizes
M	tests/test_simple0
M	tests/test_simple1
M	tests/test_simple2
M	tests/test_simple3
M	tests/test_simple4
M	tests/test_simple5
M	tests/test_simple6
M	tests/test_split
M	tests/test_verify
M	tests/test_very_large
Your branch is up to date with 'origin/master'.
[master d8a7d07] Commit
 Committer: Shupei Wang <wang3107@data.cs.purdue.edu>
Your name and email address were configured automatically based
on your username and hostname. Please check that they are accurate.
You can suppress this message by setting them explicitly. Run the
following command and follow the instructions in your editor to edit
your configuration file:

    git config --global --edit

After doing this, you may fix the identity used for this commit with:

    git commit --amend --reset-author

 35 files changed, 57 insertions(+), 1 deletion(-)
M	.local.git.out
M	myMalloc.c
M	tests/test_all_lists
M	tests/test_coalesce_chunk_coalesce
M	tests/test_coalesce_chunk_insert
M	tests/test_corrupted_canary
M	tests/test_double_free
M	tests/test_exact
M	tests/test_free_both
M	tests/test_free_even
M	tests/test_free_insert
M	tests/test_free_left
M	tests/test_free_null
M	tests/test_free_odd
M	tests/test_free_right
M	tests/test_insert_chunk
M	tests/test_large
M	tests/test_locks
M	tests/test_malloc_large
M	tests/test_malloc_too_large
M	tests/test_malloc_zero
M	tests/test_multi_malloc
M	tests/test_out_of_ram
M	tests/test_random
M	tests/test_random_sizes
M	tests/test_simple0
M	tests/test_simple1
M	tests/test_simple2
M	tests/test_simple3
M	tests/test_simple4
M	tests/test_simple5
M	tests/test_simple6
M	tests/test_split
M	tests/test_verify
M	tests/test_very_large
Your branch is up to date with 'origin/master'.
[master c5a4352] Commit
 Committer: Shupei Wang <wang3107@data.cs.purdue.edu>
Your name and email address were configured automatically based
on your username and hostname. Please check that they are accurate.
You can suppress this message by setting them explicitly. Run the
following command and follow the instructions in your editor to edit
your configuration file:

    git config --global --edit

After doing this, you may fix the identity used for this commit with:

    git commit --amend --reset-author

 35 files changed, 54 insertions(+)
M	.local.git.out
M	myMalloc.c
M	tests/test_all_lists
M	tests/test_coalesce_chunk_coalesce
M	tests/test_coalesce_chunk_insert
M	tests/test_corrupted_canary
M	tests/test_double_free
M	tests/test_exact
M	tests/test_free_both
M	tests/test_free_even
M	tests/test_free_insert
M	tests/test_free_left
M	tests/test_free_null
M	tests/test_free_odd
M	tests/test_free_right
M	tests/test_insert_chunk
M	tests/test_large
M	tests/test_locks
M	tests/test_malloc_large
M	tests/test_malloc_too_large
M	tests/test_malloc_zero
M	tests/test_multi_malloc
M	tests/test_out_of_ram
M	tests/test_random
M	tests/test_random_sizes
M	tests/test_simple0
M	tests/test_simple1
M	tests/test_simple2
M	tests/test_simple3
M	tests/test_simple4
M	tests/test_simple5
M	tests/test_simple6
M	tests/test_split
M	tests/test_verify
M	tests/test_very_large
Your branch is up to date with 'origin/master'.
[master 72d2dbb] Commit
 Committer: Shupei Wang <wang3107@data.cs.purdue.edu>
Your name and email address were configured automatically based
on your username and hostname. Please check that they are accurate.
You can suppress this message by setting them explicitly. Run the
following command and follow the instructions in your editor to edit
your configuration file:

    git config --global --edit

After doing this, you may fix the identity used for this commit with:

    git commit --amend --reset-author

 35 files changed, 101 insertions(+), 6 deletions(-)
M	.local.git.out
M	myMalloc.c
Your branch is up to date with 'origin/master'.
[master 124a633] Commit
 Committer: Shupei Wang <wang3107@data.cs.purdue.edu>
Your name and email address were configured automatically based
on your username and hostname. Please check that they are accurate.
You can suppress this message by setting them explicitly. Run the
following command and follow the instructions in your editor to edit
your configuration file:

    git config --global --edit

After doing this, you may fix the identity used for this commit with:

    git commit --amend --reset-author

 2 files changed, 20 insertions(+), 2 deletions(-)
M	.local.git.out
M	myMalloc.c
Your branch is up to date with 'origin/master'.
[master 49a2552] Commit
 Committer: Shupei Wang <wang3107@data.cs.purdue.edu>
Your name and email address were configured automatically based
on your username and hostname. Please check that they are accurate.
You can suppress this message by setting them explicitly. Run the
following command and follow the instructions in your editor to edit
your configuration file:

    git config --global --edit

After doing this, you may fix the identity used for this commit with:

    git commit --amend --reset-author

 2 files changed, 20 insertions(+), 2 deletions(-)
M	.local.git.out
M	myMalloc.c
M	tests/test_all_lists
M	tests/test_coalesce_chunk_coalesce
M	tests/test_coalesce_chunk_insert
M	tests/test_corrupted_canary
M	tests/test_double_free
M	tests/test_exact
M	tests/test_free_both
M	tests/test_free_even
M	tests/test_free_insert
M	tests/test_free_left
M	tests/test_free_null
M	tests/test_free_odd
M	tests/test_free_right
M	tests/test_insert_chunk
M	tests/test_large
M	tests/test_locks
M	tests/test_malloc_large
M	tests/test_malloc_too_large
M	tests/test_malloc_zero
M	tests/test_multi_malloc
M	tests/test_out_of_ram
M	tests/test_random
M	tests/test_random_sizes
M	tests/test_simple0
M	tests/test_simple1
M	tests/test_simple2
M	tests/test_simple3
M	tests/test_simple4
M	tests/test_simple5
M	tests/test_simple6
M	tests/test_split
M	tests/test_verify
M	tests/test_very_large
Your branch is up to date with 'origin/master'.
[master 53ad3a4] Commit
 Committer: Shupei Wang <wang3107@data.cs.purdue.edu>
Your name and email address were configured automatically based
on your username and hostname. Please check that they are accurate.
You can suppress this message by setting them explicitly. Run the
following command and follow the instructions in your editor to edit
your configuration file:

    git config --global --edit

After doing this, you may fix the identity used for this commit with:

    git commit --amend --reset-author

 35 files changed, 52 insertions(+), 1 deletion(-)
 rewrite tests/test_all_lists (76%)
 rewrite tests/test_coalesce_chunk_coalesce (69%)
 rewrite tests/test_coalesce_chunk_insert (68%)
 rewrite tests/test_corrupted_canary (83%)
 rewrite tests/test_double_free (83%)
 rewrite tests/test_exact (62%)
 rewrite tests/test_free_both (76%)
 rewrite tests/test_free_even (75%)
 rewrite tests/test_free_insert (76%)
 rewrite tests/test_free_left (76%)
 rewrite tests/test_free_null (72%)
 rewrite tests/test_free_odd (76%)
 rewrite tests/test_free_right (77%)
 rewrite tests/test_insert_chunk (70%)
 rewrite tests/test_large (75%)
 rewrite tests/test_locks (76%)
 rewrite tests/test_malloc_large (76%)
 rewrite tests/test_malloc_too_large (71%)
 rewrite tests/test_malloc_zero (74%)
 rewrite tests/test_multi_malloc (76%)
 rewrite tests/test_random (69%)
 rewrite tests/test_simple0 (71%)
 rewrite tests/test_simple1 (70%)
 rewrite tests/test_simple2 (70%)
 rewrite tests/test_simple3 (71%)
 rewrite tests/test_simple4 (71%)
 rewrite tests/test_simple5 (69%)
 rewrite tests/test_simple6 (67%)
 rewrite tests/test_split (70%)
 rewrite tests/test_verify (70%)
M	.local.git.out
M	myMalloc.c
M	tests/test_all_lists
M	tests/test_coalesce_chunk_coalesce
M	tests/test_coalesce_chunk_insert
M	tests/test_corrupted_canary
M	tests/test_double_free
M	tests/test_exact
M	tests/test_free_both
M	tests/test_free_even
M	tests/test_free_insert
M	tests/test_free_left
M	tests/test_free_null
M	tests/test_free_odd
M	tests/test_free_right
M	tests/test_insert_chunk
M	tests/test_large
M	tests/test_locks
M	tests/test_malloc_large
M	tests/test_malloc_too_large
M	tests/test_malloc_zero
M	tests/test_multi_malloc
M	tests/test_out_of_ram
M	tests/test_random
M	tests/test_random_sizes
M	tests/test_simple0
M	tests/test_simple1
M	tests/test_simple2
M	tests/test_simple3
M	tests/test_simple4
M	tests/test_simple5
M	tests/test_simple6
M	tests/test_split
M	tests/test_verify
M	tests/test_very_large
Your branch is up to date with 'origin/master'.
[master 945e5c9] Commit
 Committer: Shupei Wang <wang3107@data.cs.purdue.edu>
Your name and email address were configured automatically based
on your username and hostname. Please check that they are accurate.
You can suppress this message by setting them explicitly. Run the
following command and follow the instructions in your editor to edit
your configuration file:

    git config --global --edit

After doing this, you may fix the identity used for this commit with:

    git commit --amend --reset-author

 35 files changed, 82 insertions(+), 1 deletion(-)
M	.local.git.out
M	myMalloc.c
Your branch is up to date with 'origin/master'.
[master fa2667a] Commit
 Committer: Shupei Wang <wang3107@data.cs.purdue.edu>
Your name and email address were configured automatically based
on your username and hostname. Please check that they are accurate.
You can suppress this message by setting them explicitly. Run the
following command and follow the instructions in your editor to edit
your configuration file:

    git config --global --edit

After doing this, you may fix the identity used for this commit with:

    git commit --amend --reset-author

 2 files changed, 19 insertions(+)
M	.local.git.out
M	myMalloc.c
M	tests/test_all_lists
M	tests/test_coalesce_chunk_coalesce
M	tests/test_coalesce_chunk_insert
M	tests/test_corrupted_canary
M	tests/test_double_free
M	tests/test_exact
M	tests/test_free_both
M	tests/test_free_even
M	tests/test_free_insert
M	tests/test_free_left
M	tests/test_free_null
M	tests/test_free_odd
M	tests/test_free_right
M	tests/test_insert_chunk
M	tests/test_large
M	tests/test_locks
M	tests/test_malloc_large
M	tests/test_malloc_too_large
M	tests/test_malloc_zero
M	tests/test_multi_malloc
M	tests/test_out_of_ram
M	tests/test_random
M	tests/test_random_sizes
M	tests/test_simple0
M	tests/test_simple1
M	tests/test_simple2
M	tests/test_simple3
M	tests/test_simple4
M	tests/test_simple5
M	tests/test_simple6
M	tests/test_split
M	tests/test_verify
M	tests/test_very_large
Your branch is up to date with 'origin/master'.
[master 338fcd8] Commit
 Committer: Shupei Wang <wang3107@data.cs.purdue.edu>
Your name and email address were configured automatically based
on your username and hostname. Please check that they are accurate.
You can suppress this message by setting them explicitly. Run the
following command and follow the instructions in your editor to edit
your configuration file:

    git config --global --edit

After doing this, you may fix the identity used for this commit with:

    git commit --amend --reset-author

 35 files changed, 53 insertions(+), 1 deletion(-)
M	.local.git.out
M	myMalloc.c
M	tests/test_all_lists
M	tests/test_coalesce_chunk_coalesce
M	tests/test_coalesce_chunk_insert
M	tests/test_corrupted_canary
M	tests/test_double_free
M	tests/test_exact
M	tests/test_free_both
M	tests/test_free_even
M	tests/test_free_insert
M	tests/test_free_left
M	tests/test_free_null
M	tests/test_free_odd
M	tests/test_free_right
M	tests/test_insert_chunk
M	tests/test_large
M	tests/test_locks
M	tests/test_malloc_large
M	tests/test_malloc_too_large
M	tests/test_malloc_zero
M	tests/test_multi_malloc
M	tests/test_out_of_ram
M	tests/test_random
M	tests/test_random_sizes
M	tests/test_simple0
M	tests/test_simple1
M	tests/test_simple2
M	tests/test_simple3
M	tests/test_simple4
M	tests/test_simple5
M	tests/test_simple6
M	tests/test_split
M	tests/test_verify
M	tests/test_very_large
Your branch is up to date with 'origin/master'.
[master 1f17224] Commit
 Committer: Shupei Wang <wang3107@data.cs.purdue.edu>
Your name and email address were configured automatically based
on your username and hostname. Please check that they are accurate.
You can suppress this message by setting them explicitly. Run the
following command and follow the instructions in your editor to edit
your configuration file:

    git config --global --edit

After doing this, you may fix the identity used for this commit with:

    git commit --amend --reset-author

 35 files changed, 76 insertions(+)
M	.local.git.out
M	myMalloc.c
M	tests/test_all_lists
M	tests/test_coalesce_chunk_coalesce
M	tests/test_coalesce_chunk_insert
M	tests/test_corrupted_canary
M	tests/test_double_free
M	tests/test_exact
M	tests/test_free_both
M	tests/test_free_even
M	tests/test_free_insert
M	tests/test_free_left
M	tests/test_free_null
M	tests/test_free_odd
M	tests/test_free_right
M	tests/test_insert_chunk
M	tests/test_large
M	tests/test_locks
M	tests/test_malloc_large
M	tests/test_malloc_too_large
M	tests/test_malloc_zero
M	tests/test_multi_malloc
M	tests/test_out_of_ram
M	tests/test_random
M	tests/test_random_sizes
M	tests/test_simple0
M	tests/test_simple1
M	tests/test_simple2
M	tests/test_simple3
M	tests/test_simple4
M	tests/test_simple5
M	tests/test_simple6
M	tests/test_split
M	tests/test_verify
M	tests/test_very_large
Your branch is up to date with 'origin/master'.
[master 88439ab] Commit
 Committer: Shupei Wang <wang3107@data.cs.purdue.edu>
Your name and email address were configured automatically based
on your username and hostname. Please check that they are accurate.
You can suppress this message by setting them explicitly. Run the
following command and follow the instructions in your editor to edit
your configuration file:

    git config --global --edit

After doing this, you may fix the identity used for this commit with:

    git commit --amend --reset-author

 35 files changed, 56 insertions(+), 5 deletions(-)
M	.local.git.out
M	myMalloc.c
M	tests/test_all_lists
M	tests/test_coalesce_chunk_coalesce
M	tests/test_coalesce_chunk_insert
M	tests/test_corrupted_canary
M	tests/test_double_free
M	tests/test_exact
M	tests/test_free_both
M	tests/test_free_even
M	tests/test_free_insert
M	tests/test_free_left
M	tests/test_free_null
M	tests/test_free_odd
M	tests/test_free_right
M	tests/test_insert_chunk
M	tests/test_large
M	tests/test_locks
M	tests/test_malloc_large
M	tests/test_malloc_too_large
M	tests/test_malloc_zero
M	tests/test_multi_malloc
M	tests/test_out_of_ram
M	tests/test_random
M	tests/test_random_sizes
M	tests/test_simple0
M	tests/test_simple1
M	tests/test_simple2
M	tests/test_simple3
M	tests/test_simple4
M	tests/test_simple5
M	tests/test_simple6
M	tests/test_split
M	tests/test_verify
M	tests/test_very_large
Your branch is up to date with 'origin/master'.
[master 75928e5] Commit
 Committer: Shupei Wang <wang3107@data.cs.purdue.edu>
Your name and email address were configured automatically based
on your username and hostname. Please check that they are accurate.
You can suppress this message by setting them explicitly. Run the
following command and follow the instructions in your editor to edit
your configuration file:

    git config --global --edit

After doing this, you may fix the identity used for this commit with:

    git commit --amend --reset-author

 35 files changed, 53 insertions(+), 2 deletions(-)
M	.local.git.out
M	myMalloc.c
M	tests/test_all_lists
M	tests/test_coalesce_chunk_coalesce
M	tests/test_coalesce_chunk_insert
M	tests/test_corrupted_canary
M	tests/test_double_free
M	tests/test_exact
M	tests/test_free_both
M	tests/test_free_even
M	tests/test_free_insert
M	tests/test_free_left
M	tests/test_free_null
M	tests/test_free_odd
M	tests/test_free_right
M	tests/test_insert_chunk
M	tests/test_large
M	tests/test_locks
M	tests/test_malloc_large
M	tests/test_malloc_too_large
M	tests/test_malloc_zero
M	tests/test_multi_malloc
M	tests/test_out_of_ram
M	tests/test_random
M	tests/test_random_sizes
M	tests/test_simple0
M	tests/test_simple1
M	tests/test_simple2
M	tests/test_simple3
M	tests/test_simple4
M	tests/test_simple5
M	tests/test_simple6
M	tests/test_split
M	tests/test_verify
M	tests/test_very_large
Your branch is up to date with 'origin/master'.
[master c482111] Commit
 Committer: Shupei Wang <wang3107@data.cs.purdue.edu>
Your name and email address were configured automatically based
on your username and hostname. Please check that they are accurate.
You can suppress this message by setting them explicitly. Run the
following command and follow the instructions in your editor to edit
your configuration file:

    git config --global --edit

After doing this, you may fix the identity used for this commit with:

    git commit --amend --reset-author

 35 files changed, 100 insertions(+), 14 deletions(-)
M	.local.git.out
M	myMalloc.c
M	tests/test_all_lists
M	tests/test_coalesce_chunk_coalesce
M	tests/test_coalesce_chunk_insert
M	tests/test_corrupted_canary
M	tests/test_double_free
M	tests/test_exact
M	tests/test_free_both
M	tests/test_free_even
M	tests/test_free_insert
M	tests/test_free_left
M	tests/test_free_null
M	tests/test_free_odd
M	tests/test_free_right
M	tests/test_insert_chunk
M	tests/test_large
M	tests/test_locks
M	tests/test_malloc_large
M	tests/test_malloc_too_large
M	tests/test_malloc_zero
M	tests/test_multi_malloc
M	tests/test_out_of_ram
M	tests/test_random
M	tests/test_random_sizes
M	tests/test_simple0
M	tests/test_simple1
M	tests/test_simple2
M	tests/test_simple3
M	tests/test_simple4
M	tests/test_simple5
M	tests/test_simple6
M	tests/test_split
M	tests/test_verify
M	tests/test_very_large
Your branch is up to date with 'origin/master'.
[master 4e77c4a] Commit
 Committer: Shupei Wang <wang3107@data.cs.purdue.edu>
Your name and email address were configured automatically based
on your username and hostname. Please check that they are accurate.
You can suppress this message by setting them explicitly. Run the
following command and follow the instructions in your editor to edit
your configuration file:

    git config --global --edit

After doing this, you may fix the identity used for this commit with:

    git commit --amend --reset-author

 35 files changed, 52 insertions(+), 1 deletion(-)
M	.local.git.out
M	myMalloc.c
M	myout.txt
M	stdout.txt
M	tests/test_all_lists
M	tests/test_coalesce_chunk_coalesce
M	tests/test_coalesce_chunk_insert
M	tests/test_corrupted_canary
M	tests/test_double_free
M	tests/test_exact
M	tests/test_free_both
M	tests/test_free_even
M	tests/test_free_insert
M	tests/test_free_left
M	tests/test_free_null
M	tests/test_free_odd
M	tests/test_free_right
M	tests/test_insert_chunk
M	tests/test_large
M	tests/test_locks
M	tests/test_malloc_large
M	tests/test_malloc_too_large
M	tests/test_malloc_zero
M	tests/test_multi_malloc
M	tests/test_out_of_ram
M	tests/test_random
M	tests/test_random_sizes
M	tests/test_simple0
M	tests/test_simple1
M	tests/test_simple2
M	tests/test_simple3
M	tests/test_simple4
M	tests/test_simple5
M	tests/test_simple6
M	tests/test_split
M	tests/test_verify
M	tests/test_very_large
Your branch is up to date with 'origin/master'.
[master 7ddcb33] Commit
 Committer: Shupei Wang <wang3107@data.cs.purdue.edu>
Your name and email address were configured automatically based
on your username and hostname. Please check that they are accurate.
You can suppress this message by setting them explicitly. Run the
following command and follow the instructions in your editor to edit
your configuration file:

    git config --global --edit

After doing this, you may fix the identity used for this commit with:

    git commit --amend --reset-author

 37 files changed, 2085 insertions(+), 385 deletions(-)
 rewrite myout.txt (86%)
M	.local.git.out
M	myMalloc.c
M	tests/test_all_lists
M	tests/test_coalesce_chunk_coalesce
M	tests/test_coalesce_chunk_insert
M	tests/test_corrupted_canary
M	tests/test_double_free
M	tests/test_exact
M	tests/test_free_both
M	tests/test_free_even
M	tests/test_free_insert
M	tests/test_free_left
M	tests/test_free_null
M	tests/test_free_odd
M	tests/test_free_right
M	tests/test_insert_chunk
M	tests/test_large
M	tests/test_locks
M	tests/test_malloc_large
M	tests/test_malloc_too_large
M	tests/test_malloc_zero
M	tests/test_multi_malloc
M	tests/test_out_of_ram
M	tests/test_random
M	tests/test_random_sizes
M	tests/test_simple0
M	tests/test_simple1
M	tests/test_simple2
M	tests/test_simple3
M	tests/test_simple4
M	tests/test_simple5
M	tests/test_simple6
M	tests/test_split
M	tests/test_verify
M	tests/test_very_large
Your branch is up to date with 'origin/master'.
[master adc13ca] Commit
 Committer: Shupei Wang <wang3107@data.cs.purdue.edu>
Your name and email address were configured automatically based
on your username and hostname. Please check that they are accurate.
You can suppress this message by setting them explicitly. Run the
following command and follow the instructions in your editor to edit
your configuration file:

    git config --global --edit

After doing this, you may fix the identity used for this commit with:

    git commit --amend --reset-author

 35 files changed, 59 insertions(+), 2 deletions(-)
M	.local.git.out
M	myMalloc.c
M	tests/test_all_lists
M	tests/test_coalesce_chunk_coalesce
M	tests/test_coalesce_chunk_insert
M	tests/test_corrupted_canary
M	tests/test_double_free
M	tests/test_exact
M	tests/test_free_both
M	tests/test_free_even
M	tests/test_free_insert
M	tests/test_free_left
M	tests/test_free_null
M	tests/test_free_odd
M	tests/test_free_right
M	tests/test_insert_chunk
M	tests/test_large
M	tests/test_locks
M	tests/test_malloc_large
M	tests/test_malloc_too_large
M	tests/test_malloc_zero
M	tests/test_multi_malloc
M	tests/test_out_of_ram
M	tests/test_random
M	tests/test_random_sizes
M	tests/test_simple0
M	tests/test_simple1
M	tests/test_simple2
M	tests/test_simple3
M	tests/test_simple4
M	tests/test_simple5
M	tests/test_simple6
M	tests/test_split
M	tests/test_verify
M	tests/test_very_large
Your branch is up to date with 'origin/master'.
[master 2017274] Commit
 Committer: Shupei Wang <wang3107@data.cs.purdue.edu>
Your name and email address were configured automatically based
on your username and hostname. Please check that they are accurate.
You can suppress this message by setting them explicitly. Run the
following command and follow the instructions in your editor to edit
your configuration file:

    git config --global --edit

After doing this, you may fix the identity used for this commit with:

    git commit --amend --reset-author

 35 files changed, 52 insertions(+), 1 deletion(-)
M	.local.git.out
M	myMalloc.c
M	tests/test_all_lists
M	tests/test_coalesce_chunk_coalesce
M	tests/test_coalesce_chunk_insert
M	tests/test_corrupted_canary
M	tests/test_double_free
M	tests/test_exact
M	tests/test_free_both
M	tests/test_free_even
M	tests/test_free_insert
M	tests/test_free_left
M	tests/test_free_null
M	tests/test_free_odd
M	tests/test_free_right
M	tests/test_insert_chunk
M	tests/test_large
M	tests/test_locks
M	tests/test_malloc_large
M	tests/test_malloc_too_large
M	tests/test_malloc_zero
M	tests/test_multi_malloc
M	tests/test_out_of_ram
M	tests/test_random
M	tests/test_random_sizes
M	tests/test_simple0
M	tests/test_simple1
M	tests/test_simple2
M	tests/test_simple3
M	tests/test_simple4
M	tests/test_simple5
M	tests/test_simple6
M	tests/test_split
M	tests/test_verify
M	tests/test_very_large
Your branch is up to date with 'origin/master'.
[master c2f1233] Commit
 Committer: Shupei Wang <wang3107@data.cs.purdue.edu>
Your name and email address were configured automatically based
on your username and hostname. Please check that they are accurate.
You can suppress this message by setting them explicitly. Run the
following command and follow the instructions in your editor to edit
your configuration file:

    git config --global --edit

After doing this, you may fix the identity used for this commit with:

    git commit --amend --reset-author

 35 files changed, 56 insertions(+), 5 deletions(-)
M	.local.git.out
M	myMalloc.c
M	tests/test_all_lists
M	tests/test_coalesce_chunk_coalesce
M	tests/test_coalesce_chunk_insert
M	tests/test_corrupted_canary
M	tests/test_double_free
M	tests/test_exact
M	tests/test_free_both
M	tests/test_free_even
M	tests/test_free_insert
M	tests/test_free_left
M	tests/test_free_null
M	tests/test_free_odd
M	tests/test_free_right
M	tests/test_insert_chunk
M	tests/test_large
M	tests/test_locks
M	tests/test_malloc_large
M	tests/test_malloc_too_large
M	tests/test_malloc_zero
M	tests/test_multi_malloc
M	tests/test_out_of_ram
M	tests/test_random
M	tests/test_random_sizes
M	tests/test_simple0
M	tests/test_simple1
M	tests/test_simple2
M	tests/test_simple3
M	tests/test_simple4
M	tests/test_simple5
M	tests/test_simple6
M	tests/test_split
M	tests/test_verify
M	tests/test_very_large
Your branch is up to date with 'origin/master'.
[master b0e2f75] Commit
 Committer: Shupei Wang <wang3107@data.cs.purdue.edu>
Your name and email address were configured automatically based
on your username and hostname. Please check that they are accurate.
You can suppress this message by setting them explicitly. Run the
following command and follow the instructions in your editor to edit
your configuration file:

    git config --global --edit

After doing this, you may fix the identity used for this commit with:

    git commit --amend --reset-author

 35 files changed, 66 insertions(+), 18 deletions(-)
M	.local.git.out
M	myMalloc.c
M	myout.txt
M	stdout.txt
M	tests/test_all_lists
M	tests/test_coalesce_chunk_coalesce
M	tests/test_coalesce_chunk_insert
M	tests/test_corrupted_canary
M	tests/test_double_free
M	tests/test_exact
M	tests/test_free_both
M	tests/test_free_even
M	tests/test_free_insert
M	tests/test_free_left
M	tests/test_free_null
M	tests/test_free_odd
M	tests/test_free_right
M	tests/test_insert_chunk
M	tests/test_large
M	tests/test_locks
M	tests/test_malloc_large
M	tests/test_malloc_too_large
M	tests/test_malloc_zero
M	tests/test_multi_malloc
M	tests/test_out_of_ram
M	tests/test_random
M	tests/test_random_sizes
M	tests/test_simple0
M	tests/test_simple1
M	tests/test_simple2
M	tests/test_simple3
M	tests/test_simple4
M	tests/test_simple5
M	tests/test_simple6
M	tests/test_split
M	tests/test_verify
M	tests/test_very_large
Your branch is up to date with 'origin/master'.
[master 2e98c31] Commit
 Committer: Shupei Wang <wang3107@data.cs.purdue.edu>
Your name and email address were configured automatically based
on your username and hostname. Please check that they are accurate.
You can suppress this message by setting them explicitly. Run the
following command and follow the instructions in your editor to edit
your configuration file:

    git config --global --edit

After doing this, you may fix the identity used for this commit with:

    git commit --amend --reset-author

 37 files changed, 1400350 insertions(+), 2148 deletions(-)
 rewrite stdout.txt (83%)
M	.local.git.out
M	myMalloc.c
Your branch is up to date with 'origin/master'.
[master cbe3c4c] Commit
 Committer: Shupei Wang <wang3107@data.cs.purdue.edu>
Your name and email address were configured automatically based
on your username and hostname. Please check that they are accurate.
You can suppress this message by setting them explicitly. Run the
following command and follow the instructions in your editor to edit
your configuration file:

    git config --global --edit

After doing this, you may fix the identity used for this commit with:

    git commit --amend --reset-author

 2 files changed, 20 insertions(+), 2 deletions(-)
M	.local.git.out
M	myMalloc.c
M	tests/test_all_lists
M	tests/test_coalesce_chunk_coalesce
M	tests/test_coalesce_chunk_insert
M	tests/test_corrupted_canary
M	tests/test_double_free
M	tests/test_exact
M	tests/test_free_both
M	tests/test_free_even
M	tests/test_free_insert
M	tests/test_free_left
M	tests/test_free_null
M	tests/test_free_odd
M	tests/test_free_right
M	tests/test_insert_chunk
M	tests/test_large
M	tests/test_locks
M	tests/test_malloc_large
M	tests/test_malloc_too_large
M	tests/test_malloc_zero
M	tests/test_multi_malloc
M	tests/test_out_of_ram
M	tests/test_random
M	tests/test_random_sizes
M	tests/test_simple0
M	tests/test_simple1
M	tests/test_simple2
M	tests/test_simple3
M	tests/test_simple4
M	tests/test_simple5
M	tests/test_simple6
M	tests/test_split
M	tests/test_verify
M	tests/test_very_large
Your branch is up to date with 'origin/master'.
[master ad9deb8] Commit
 Committer: Shupei Wang <wang3107@data.cs.purdue.edu>
Your name and email address were configured automatically based
on your username and hostname. Please check that they are accurate.
You can suppress this message by setting them explicitly. Run the
following command and follow the instructions in your editor to edit
your configuration file:

    git config --global --edit

After doing this, you may fix the identity used for this commit with:

    git commit --amend --reset-author

 35 files changed, 53 insertions(+), 73 deletions(-)
M	.local.git.out
D	examples/composite_ex
D	examples/constructor_ex
D	tests/test_all_lists
D	tests/test_coalesce_chunk_coalesce
D	tests/test_coalesce_chunk_insert
D	tests/test_corrupted_canary
D	tests/test_double_free
D	tests/test_exact
D	tests/test_free_both
D	tests/test_free_even
D	tests/test_free_insert
D	tests/test_free_left
D	tests/test_free_null
D	tests/test_free_odd
D	tests/test_free_right
D	tests/test_insert_chunk
D	tests/test_large
D	tests/test_locks
D	tests/test_malloc_large
D	tests/test_malloc_too_large
D	tests/test_malloc_zero
D	tests/test_multi_malloc
D	tests/test_out_of_ram
D	tests/test_random
D	tests/test_random_sizes
D	tests/test_simple0
D	tests/test_simple1
D	tests/test_simple2
D	tests/test_simple3
D	tests/test_simple4
D	tests/test_simple5
D	tests/test_simple6
D	tests/test_split
D	tests/test_verify
D	tests/test_very_large
Your branch is up to date with 'origin/master'.
[master 25e3eb9] Commit
 Committer: Shupei Wang <wang3107@data.cs.purdue.edu>
Your name and email address were configured automatically based
on your username and hostname. Please check that they are accurate.
You can suppress this message by setting them explicitly. Run the
following command and follow the instructions in your editor to edit
your configuration file:

    git config --global --edit

After doing this, you may fix the identity used for this commit with:

    git commit --amend --reset-author

 36 files changed, 52 insertions(+)
 delete mode 100755 examples/composite_ex
 delete mode 100755 examples/constructor_ex
 delete mode 100755 tests/test_all_lists
 delete mode 100755 tests/test_coalesce_chunk_coalesce
 delete mode 100755 tests/test_coalesce_chunk_insert
 delete mode 100755 tests/test_corrupted_canary
 delete mode 100755 tests/test_double_free
 delete mode 100755 tests/test_exact
 delete mode 100755 tests/test_free_both
 delete mode 100755 tests/test_free_even
 delete mode 100755 tests/test_free_insert
 delete mode 100755 tests/test_free_left
 delete mode 100755 tests/test_free_null
 delete mode 100755 tests/test_free_odd
 delete mode 100755 tests/test_free_right
 delete mode 100755 tests/test_insert_chunk
 delete mode 100755 tests/test_large
 delete mode 100755 tests/test_locks
 delete mode 100755 tests/test_malloc_large
 delete mode 100755 tests/test_malloc_too_large
 delete mode 100755 tests/test_malloc_zero
 delete mode 100755 tests/test_multi_malloc
 delete mode 100755 tests/test_out_of_ram
 delete mode 100755 tests/test_random
 delete mode 100755 tests/test_random_sizes
 delete mode 100755 tests/test_simple0
 delete mode 100755 tests/test_simple1
 delete mode 100755 tests/test_simple2
 delete mode 100755 tests/test_simple3
 delete mode 100755 tests/test_simple4
 delete mode 100755 tests/test_simple5
 delete mode 100755 tests/test_simple6
 delete mode 100755 tests/test_split
 delete mode 100755 tests/test_verify
 delete mode 100755 tests/test_very_large
M	myMalloc.c
Your branch is up to date with 'origin/master'.
[master 92ff665] Commit
 Committer: Shupei Wang <wang3107@data.cs.purdue.edu>
Your name and email address were configured automatically based
on your username and hostname. Please check that they are accurate.
You can suppress this message by setting them explicitly. Run the
following command and follow the instructions in your editor to edit
your configuration file:

    git config --global --edit

After doing this, you may fix the identity used for this commit with:

    git commit --amend --reset-author

 2 files changed, 8 insertions(+), 6 deletions(-)
M	.local.git.out
D	examples/composite_ex
D	examples/constructor_ex
M	myout.txt
M	stdout.txt
D	tests/test_all_lists
D	tests/test_coalesce_chunk_coalesce
D	tests/test_coalesce_chunk_insert
D	tests/test_corrupted_canary
D	tests/test_double_free
D	tests/test_exact
D	tests/test_free_both
D	tests/test_free_even
D	tests/test_free_insert
D	tests/test_free_left
D	tests/test_free_null
D	tests/test_free_odd
D	tests/test_free_right
D	tests/test_insert_chunk
D	tests/test_large
D	tests/test_locks
D	tests/test_malloc_large
D	tests/test_malloc_too_large
D	tests/test_malloc_zero
D	tests/test_multi_malloc
D	tests/test_out_of_ram
D	tests/test_random
D	tests/test_random_sizes
D	tests/test_simple0
D	tests/test_simple1
D	tests/test_simple2
D	tests/test_simple3
D	tests/test_simple4
D	tests/test_simple5
D	tests/test_simple6
D	tests/test_split
D	tests/test_verify
D	tests/test_very_large
Your branch is up to date with 'origin/master'.
[master 37123bc] Commit
 Committer: Shupei Wang <wang3107@data.cs.purdue.edu>
Your name and email address were configured automatically based
on your username and hostname. Please check that they are accurate.
You can suppress this message by setting them explicitly. Run the
following command and follow the instructions in your editor to edit
your configuration file:

    git config --global --edit

After doing this, you may fix the identity used for this commit with:

    git commit --amend --reset-author

 38 files changed, 95699 insertions(+), 1400246 deletions(-)
 delete mode 100755 examples/composite_ex
 delete mode 100755 examples/constructor_ex
 rewrite myout.txt (94%)
 rewrite stdout.txt (93%)
 delete mode 100755 tests/test_all_lists
 delete mode 100755 tests/test_coalesce_chunk_coalesce
 delete mode 100755 tests/test_coalesce_chunk_insert
 delete mode 100755 tests/test_corrupted_canary
 delete mode 100755 tests/test_double_free
 delete mode 100755 tests/test_exact
 delete mode 100755 tests/test_free_both
 delete mode 100755 tests/test_free_even
 delete mode 100755 tests/test_free_insert
 delete mode 100755 tests/test_free_left
 delete mode 100755 tests/test_free_null
 delete mode 100755 tests/test_free_odd
 delete mode 100755 tests/test_free_right
 delete mode 100755 tests/test_insert_chunk
 delete mode 100755 tests/test_large
 delete mode 100755 tests/test_locks
 delete mode 100755 tests/test_malloc_large
 delete mode 100755 tests/test_malloc_too_large
 delete mode 100755 tests/test_malloc_zero
 delete mode 100755 tests/test_multi_malloc
 delete mode 100755 tests/test_out_of_ram
 delete mode 100755 tests/test_random
 delete mode 100755 tests/test_random_sizes
 delete mode 100755 tests/test_simple0
 delete mode 100755 tests/test_simple1
 delete mode 100755 tests/test_simple2
 delete mode 100755 tests/test_simple3
 delete mode 100755 tests/test_simple4
 delete mode 100755 tests/test_simple5
 delete mode 100755 tests/test_simple6
 delete mode 100755 tests/test_split
 delete mode 100755 tests/test_verify
 delete mode 100755 tests/test_very_large
